Arguments: 
  /Users/afro/.nvm/versions/node/v12.18.2/bin/node /usr/local/Cellar/yarn/1.22.4/libexec/bin/yarn.js add twitter-lite

PATH: 
  /Users/afro/google-cloud-sdk/bin:/Users/afro/.nvm/versions/node/v12.18.2/bin:/Users/Shared/DBngin/mysql/8.0.12/bin:/Users/afro/.nvm/versions/node/v12.18.2/bin:/Users/afro/.fastlane/bin:/Users/afro/mongodb/bin:/usr/local/bin:/usr/bin:/bin:/usr/sbin:/sbin:/usr/local/go/bin:/Users/afro/google-cloud-sdk/bin:/Users/Shared/DBngin/mysql/8.0.12/bin:/Users/afro/.nvm/versions/node/v12.18.2/bin:/Users/afro/.fastlane/bin:/Users/afro/mongodb/bin:/Users/afro/.local/bin:/Users/afro/.local/bin:/Users/afro/.local/bin

Yarn version: 
  1.22.4

Node version: 
  12.18.2

Platform: 
  darwin x64

Trace: 
  Error: getaddrinfo ENOTFOUND registry.yarnpkg.com
      at GetAddrInfoReqWrap.onlookup [as oncomplete] (dns.js:66:26)

npm manifest: 
  {
    "name": "",
    "version": "",
    "description": "",
    "scripts": {
      "test": "echo \"No tests yet...\""
    },
    "author": "",
    "dependencies": {
      "node-fetch": "^2.6.0"
    }
  }

yarn manifest: 
  No manifest

Lockfile: 
  # THIS IS AN AUTOGENERATED FILE. DO NOT EDIT THIS FILE DIRECTLY.
  # yarn lockfile v1
  
  
  node-fetch@^2.6.0:
    version "2.6.0"
    resolved "https://registry.yarnpkg.com/node-fetch/-/node-fetch-2.6.0.tgz#e633456386d4aa55863f676a7ab0daa8fdecb0fd"
    integrity sha512-8dG4H5ujfvFiqDmVu9fQ5bOHUC15JMjMY/Zumv26oOvvVJjM67KF8koCWIabKQ1GJIa9r2mMZscBq/TbdOcmNA==
